<?xml version="1.0" encoding="UTF-8"?>
<testng-results ignored="0" total="1" passed="1" failed="0" skipped="0">
  <reporter-output>
  </reporter-output>
  <suite started-at="2022-09-23T16:04:23 IST" name="Default suite" finished-at="2022-09-23T16:04:23 IST" duration-ms="51">
    <groups>
    </groups>
    <test started-at="2022-09-23T16:04:23 IST" name="Default test" finished-at="2022-09-23T16:04:23 IST" duration-ms="51">
      <class name="ngtest.CheckList">
        <test-method signature="test1()[pri:0, instance:ngtest.CheckList@769e7ee8]" started-at="2022-09-23T16:04:23 IST" name="test1" finished-at="2022-09-23T16:04:23 IST" duration-ms="9" status="PASS">
          <reporter-output>
          </reporter-output>
        </test-method> <!-- test1 -->
      </class> <!-- ngtest.CheckList -->
    </test> <!-- Default test -->
  </suite> <!-- Default suite -->
</testng-results>
